  [1m[35m (612.7ms)[0m  [1m[35mCREATE DATABASE "Polls_development" ENCODING = 'unicode'[0m
  ↳ bin/rails:9
  [1m[35m (250.3ms)[0m  [1m[35mCREATE DATABASE "Polls_test" ENCODING = 'unicode'[0m
  ↳ bin/rails:9
  [1m[35m (92.2ms)[0m  [1m[35mCREATE TABLE "schema_migrations" ("version" character varying NOT NULL PRIMARY KEY)[0m
  ↳ bin/rails:9
  [1m[35m (4.6ms)[0m  [1m[35mCREATE TABLE "ar_internal_metadata" ("key" character varying NOT NULL PRIMARY KEY, "value" character varying, "created_at" timestamp NOT NULL, "updated_at" timestamp NOT NULL)[0m
  ↳ bin/rails:9
  [1m[35m (0.9ms)[0m  [1m[34mSELECT pg_try_advisory_lock(4106217317189674575)[0m
  ↳ bin/rails:9
  [1m[35m (1.1ms)[0m  [1m[34mSELECT "schema_migrations"."version" FROM "schema_migrations" ORDER BY "schema_migrations"."version" ASC[0m
  ↳ bin/rails:9
Migrating to CreateUsers (20190328223020)
  [1m[35m (0.4ms)[0m  [1m[34mSELECT pg_advisory_unlock(4106217317189674575)[0m
  ↳ bin/rails:9
  [1m[35m (0.3ms)[0m  [1m[34mSELECT pg_try_advisory_lock(4106217317189674575)[0m
  ↳ bin/rails:9
  [1m[35m (1.6ms)[0m  [1m[34mSELECT "schema_migrations"."version" FROM "schema_migrations" ORDER BY "schema_migrations"."version" ASC[0m
  ↳ bin/rails:9
Migrating to CreateUsers (20190328223020)
  [1m[35m (0.3ms)[0m  [1m[35mBEGIN[0m
  ↳ bin/rails:9
  [1m[35m (41.1ms)[0m  [1m[35mCREATE TABLE "users" ("id" bigserial primary key, "username" character varying NOT NULL, "created_at" timestamp NOT NULL, "updated_at" timestamp NOT NULL)[0m
  ↳ db/migrate/20190328223020_create_users.rb:3
  [1m[35m (1.6ms)[0m  [1m[35mCREATE UNIQUE INDEX  "index_users_on_username" ON "users"  ("username")[0m
  ↳ db/migrate/20190328223020_create_users.rb:7
  [1m[36mActiveRecord::SchemaMigration Create (0.7ms)[0m  [1m[32mINSERT INTO "schema_migrations" ("version") VALUES ($1) RETURNING "version"[0m  [["version", "20190328223020"]]
  ↳ bin/rails:9
  [1m[35m (0.7ms)[0m  [1m[35mCOMMIT[0m
  ↳ bin/rails:9
  [1m[36mActiveRecord::InternalMetadata Load (35.9ms)[0m  [1m[34mSELECT  "ar_internal_metadata".* FROM "ar_internal_metadata" WHERE "ar_internal_metadata"."key" = $1 LIMIT $2[0m  [["key", "environment"], ["LIMIT", 1]]
  ↳ bin/rails:9
  [1m[35m (0.2ms)[0m  [1m[35mBEGIN[0m
  ↳ bin/rails:9
  [1m[36mActiveRecord::InternalMetadata Create (0.5ms)[0m  [1m[32mINSERT INTO "ar_internal_metadata" ("key", "value", "created_at", "updated_at") VALUES ($1, $2, $3, $4) RETURNING "key"[0m  [["key", "environment"], ["value", "development"], ["created_at", "2019-03-28 22:37:13.537734"], ["updated_at", "2019-03-28 22:37:13.537734"]]
  ↳ bin/rails:9
  [1m[35m (0.6ms)[0m  [1m[35mCOMMIT[0m
  ↳ bin/rails:9
  [1m[35m (0.3ms)[0m  [1m[34mSELECT pg_advisory_unlock(4106217317189674575)[0m
  ↳ bin/rails:9
  [1m[35m (0.4ms)[0m  [1m[34mSELECT "schema_migrations"."version" FROM "schema_migrations" ORDER BY "schema_migrations"."version" ASC[0m
  ↳ bin/rails:9
  [1m[35m (1.7ms)[0m  [1m[34mSELECT "schema_migrations"."version" FROM "schema_migrations" ORDER BY "schema_migrations"."version" ASC[0m
  ↳ bin/rails:9
  [1m[35m (0.3ms)[0m  [1m[34mSELECT pg_try_advisory_lock(4106217317189674575)[0m
  ↳ bin/rails:9
  [1m[35m (1.0ms)[0m  [1m[34mSELECT "schema_migrations"."version" FROM "schema_migrations" ORDER BY "schema_migrations"."version" ASC[0m
  ↳ bin/rails:9
Migrating to CreatePoll (20190328223913)
  [1m[35m (0.3ms)[0m  [1m[35mBEGIN[0m
  ↳ bin/rails:9
  [1m[35m (8.4ms)[0m  [1m[35mCREATE TABLE "polls" ("id" bigserial primary key, "title" character varying NOT NULL, "user_id" integer NOT NULL)[0m
  ↳ db/migrate/20190328223913_create_poll.rb:3
  [1m[35m (2.9ms)[0m  [1m[35mCREATE  INDEX  "index_polls_on_user_id" ON "polls"  ("user_id")[0m
  ↳ db/migrate/20190328223913_create_poll.rb:8
  [1m[36mActiveRecord::SchemaMigration Create (3.8ms)[0m  [1m[32mINSERT INTO "schema_migrations" ("version") VALUES ($1) RETURNING "version"[0m  [["version", "20190328223913"]]
  ↳ bin/rails:9
  [1m[35m (17.4ms)[0m  [1m[35mCOMMIT[0m
  ↳ bin/rails:9
  [1m[36mActiveRecord::InternalMetadata Load (0.5ms)[0m  [1m[34mSELECT  "ar_internal_metadata".* FROM "ar_internal_metadata" WHERE "ar_internal_metadata"."key" = $1 LIMIT $2[0m  [["key", "environment"], ["LIMIT", 1]]
  ↳ bin/rails:9
  [1m[35m (0.2ms)[0m  [1m[35mBEGIN[0m
  ↳ bin/rails:9
  [1m[35m (0.2ms)[0m  [1m[35mCOMMIT[0m
  ↳ bin/rails:9
  [1m[35m (0.4ms)[0m  [1m[34mSELECT pg_advisory_unlock(4106217317189674575)[0m
  ↳ bin/rails:9
  [1m[35m (0.3ms)[0m  [1m[34mSELECT "schema_migrations"."version" FROM "schema_migrations" ORDER BY "schema_migrations"."version" ASC[0m
  ↳ bin/rails:9
  [1m[35m (1.6ms)[0m  [1m[34mSELECT "schema_migrations"."version" FROM "schema_migrations" ORDER BY "schema_migrations"."version" ASC[0m
  ↳ bin/rails:9
  [1m[35m (0.3ms)[0m  [1m[34mSELECT pg_try_advisory_lock(4106217317189674575)[0m
  ↳ bin/rails:9
  [1m[35m (1.0ms)[0m  [1m[34mSELECT "schema_migrations"."version" FROM "schema_migrations" ORDER BY "schema_migrations"."version" ASC[0m
  ↳ bin/rails:9
Migrating to CreateQuestion (20190328230643)
  [1m[35m (0.3ms)[0m  [1m[35mBEGIN[0m
  ↳ bin/rails:9
  [1m[35m (7.1ms)[0m  [1m[35mCREATE TABLE "questions" ("id" bigserial primary key, "poll_id" integer NOT NULL, "question" text NOT NULL)[0m
  ↳ db/migrate/20190328230643_create_question.rb:3
  [1m[35m (1.6ms)[0m  [1m[35mCREATE  INDEX  "index_questions_on_poll_id" ON "questions"  ("poll_id")[0m
  ↳ db/migrate/20190328230643_create_question.rb:8
  [1m[36mActiveRecord::SchemaMigration Create (0.8ms)[0m  [1m[32mINSERT INTO "schema_migrations" ("version") VALUES ($1) RETURNING "version"[0m  [["version", "20190328230643"]]
  ↳ bin/rails:9
  [1m[35m (1.4ms)[0m  [1m[35mCOMMIT[0m
  ↳ bin/rails:9
  [1m[36mActiveRecord::InternalMetadata Load (0.9ms)[0m  [1m[34mSELECT  "ar_internal_metadata".* FROM "ar_internal_metadata" WHERE "ar_internal_metadata"."key" = $1 LIMIT $2[0m  [["key", "environment"], ["LIMIT", 1]]
  ↳ bin/rails:9
  [1m[35m (0.2ms)[0m  [1m[35mBEGIN[0m
  ↳ bin/rails:9
  [1m[35m (0.2ms)[0m  [1m[35mCOMMIT[0m
  ↳ bin/rails:9
  [1m[35m (0.4ms)[0m  [1m[34mSELECT pg_advisory_unlock(4106217317189674575)[0m
  ↳ bin/rails:9
  [1m[35m (0.3ms)[0m  [1m[34mSELECT "schema_migrations"."version" FROM "schema_migrations" ORDER BY "schema_migrations"."version" ASC[0m
  ↳ bin/rails:9
  [1m[35m (1.1ms)[0m  [1m[34mSELECT "schema_migrations"."version" FROM "schema_migrations" ORDER BY "schema_migrations"."version" ASC[0m
  ↳ bin/rails:9
  [1m[35m (1.2ms)[0m  [1m[34mSELECT "schema_migrations"."version" FROM "schema_migrations" ORDER BY "schema_migrations"."version" ASC[0m
  ↳ bin/rails:9
  [1m[35m (0.3ms)[0m  [1m[34mSELECT pg_try_advisory_lock(4106217317189674575)[0m
  ↳ bin/rails:9
  [1m[35m (1.0ms)[0m  [1m[34mSELECT "schema_migrations"."version" FROM "schema_migrations" ORDER BY "schema_migrations"."version" ASC[0m
  ↳ bin/rails:9
Migrating to CreateAnswerChoice (20190328230953)
  [1m[35m (0.3ms)[0m  [1m[35mBEGIN[0m
  ↳ bin/rails:9
  [1m[35m (20.5ms)[0m  [1m[35mCREATE TABLE "answer_choices" ("id" bigserial primary key, "answer" text NOT NULL, "question_id" integer NOT NULL)[0m
  ↳ db/migrate/20190328230953_create_answer_choice.rb:3
  [1m[35m (2.5ms)[0m  [1m[35mCREATE  INDEX  "index_answer_choices_on_question_id" ON "answer_choices"  ("question_id")[0m
  ↳ db/migrate/20190328230953_create_answer_choice.rb:8
  [1m[36mActiveRecord::SchemaMigration Create (0.6ms)[0m  [1m[32mINSERT INTO "schema_migrations" ("version") VALUES ($1) RETURNING "version"[0m  [["version", "20190328230953"]]
  ↳ bin/rails:9
  [1m[35m (0.9ms)[0m  [1m[35mCOMMIT[0m
  ↳ bin/rails:9
  [1m[36mActiveRecord::InternalMetadata Load (0.7ms)[0m  [1m[34mSELECT  "ar_internal_metadata".* FROM "ar_internal_metadata" WHERE "ar_internal_metadata"."key" = $1 LIMIT $2[0m  [["key", "environment"], ["LIMIT", 1]]
  ↳ bin/rails:9
  [1m[35m (0.2ms)[0m  [1m[35mBEGIN[0m
  ↳ bin/rails:9
  [1m[35m (0.2ms)[0m  [1m[35mCOMMIT[0m
  ↳ bin/rails:9
  [1m[35m (0.3ms)[0m  [1m[34mSELECT pg_advisory_unlock(4106217317189674575)[0m
  ↳ bin/rails:9
  [1m[35m (0.3ms)[0m  [1m[34mSELECT "schema_migrations"."version" FROM "schema_migrations" ORDER BY "schema_migrations"."version" ASC[0m
  ↳ bin/rails:9
  [1m[35m (1.9ms)[0m  [1m[34mSELECT "schema_migrations"."version" FROM "schema_migrations" ORDER BY "schema_migrations"."version" ASC[0m
  ↳ bin/rails:9
  [1m[35m (0.3ms)[0m  [1m[34mSELECT pg_try_advisory_lock(4106217317189674575)[0m
  ↳ bin/rails:9
  [1m[35m (1.0ms)[0m  [1m[34mSELECT "schema_migrations"."version" FROM "schema_migrations" ORDER BY "schema_migrations"."version" ASC[0m
  ↳ bin/rails:9
Migrating to CreateResponse (20190328231151)
  [1m[35m (0.3ms)[0m  [1m[35mBEGIN[0m
  ↳ bin/rails:9
  [1m[35m (5.6ms)[0m  [1m[35mCREATE TABLE "responses" ("id" bigserial primary key, "user_id" integer NOT NULL, "answer_id" integer NOT NULL)[0m
  ↳ db/migrate/20190328231151_create_response.rb:3
  [1m[35m (1.8ms)[0m  [1m[35mCREATE  INDEX  "index_responses_on_user_id" ON "responses"  ("user_id")[0m
  ↳ db/migrate/20190328231151_create_response.rb:8
  [1m[35m (12.2ms)[0m  [1m[35mCREATE  INDEX  "index_responses_on_answer_id" ON "responses"  ("answer_id")[0m
  ↳ db/migrate/20190328231151_create_response.rb:9
  [1m[36mActiveRecord::SchemaMigration Create (0.7ms)[0m  [1m[32mINSERT INTO "schema_migrations" ("version") VALUES ($1) RETURNING "version"[0m  [["version", "20190328231151"]]
  ↳ bin/rails:9
  [1m[35m (0.7ms)[0m  [1m[35mCOMMIT[0m
  ↳ bin/rails:9
  [1m[36mActiveRecord::InternalMetadata Load (2.9ms)[0m  [1m[34mSELECT  "ar_internal_metadata".* FROM "ar_internal_metadata" WHERE "ar_internal_metadata"."key" = $1 LIMIT $2[0m  [["key", "environment"], ["LIMIT", 1]]
  ↳ bin/rails:9
  [1m[35m (0.2ms)[0m  [1m[35mBEGIN[0m
  ↳ bin/rails:9
  [1m[35m (0.2ms)[0m  [1m[35mCOMMIT[0m
  ↳ bin/rails:9
  [1m[35m (0.3ms)[0m  [1m[34mSELECT pg_advisory_unlock(4106217317189674575)[0m
  ↳ bin/rails:9
  [1m[35m (0.3ms)[0m  [1m[34mSELECT "schema_migrations"."version" FROM "schema_migrations" ORDER BY "schema_migrations"."version" ASC[0m
  ↳ bin/rails:9
  [1m[35m (2.0ms)[0m  [1m[34mSELECT "schema_migrations"."version" FROM "schema_migrations" ORDER BY "schema_migrations"."version" ASC[0m
  ↳ bin/rails:9
  [1m[35m (12.7ms)[0m  [1m[34mSELECT "schema_migrations"."version" FROM "schema_migrations" ORDER BY "schema_migrations"."version" ASC[0m
  ↳ /usr/local/var/rbenv/versions/2.3.1/bin/annotate:23
  [1m[35m (1.0ms)[0m  [1m[34mSELECT "schema_migrations"."version" FROM "schema_migrations" ORDER BY "schema_migrations"."version" ASC[0m
  ↳ bin/rails:9
  [1m[35m (0.3ms)[0m  [1m[34mSELECT pg_try_advisory_lock(4106217317189674575)[0m
  ↳ bin/rails:9
  [1m[35m (1.0ms)[0m  [1m[34mSELECT "schema_migrations"."version" FROM "schema_migrations" ORDER BY "schema_migrations"."version" ASC[0m
  ↳ bin/rails:9
Migrating to CreatePolls (20190328231520)
  [1m[35m (0.3ms)[0m  [1m[35mBEGIN[0m
  ↳ bin/rails:9
  [1m[35m (43.8ms)[0m  [1m[35mCREATE TABLE "polls" ("id" bigserial primary key, "created_at" timestamp NOT NULL, "updated_at" timestamp NOT NULL)[0m
  ↳ db/migrate/20190328231520_create_polls.rb:3
  [1m[35m (0.2ms)[0m  [1m[31mROLLBACK[0m
  ↳ bin/rails:9
  [1m[35m (0.9ms)[0m  [1m[34mSELECT pg_advisory_unlock(4106217317189674575)[0m
  ↳ bin/rails:9
  [1m[35m (28.3ms)[0m  [1m[34mSELECT "schema_migrations"."version" FROM "schema_migrations" ORDER BY "schema_migrations"."version" ASC[0m
  ↳ bin/rails:9
  [1m[35m (1.1ms)[0m  [1m[34mSELECT "schema_migrations"."version" FROM "schema_migrations" ORDER BY "schema_migrations"."version" ASC[0m
  ↳ bin/rails:9
  [1m[35m (1.0ms)[0m  [1m[34mSELECT "schema_migrations"."version" FROM "schema_migrations" ORDER BY "schema_migrations"."version" ASC[0m
  ↳ bin/rails:9
  [1m[35m (1.0ms)[0m  [1m[34mSELECT "schema_migrations"."version" FROM "schema_migrations" ORDER BY "schema_migrations"."version" ASC[0m
  ↳ bin/rails:9
  [1m[35m (0.2ms)[0m  [1m[35mBEGIN[0m
  ↳ db/seeds.rb:12
  [1m[36mUser Exists (5.1ms)[0m  [1m[34mSELECT  1 AS one FROM "users" WHERE "users"."username" = $1 LIMIT $2[0m  [["username", "nathanial@hahnstroman.info"], ["LIMIT", 1]]
  ↳ db/seeds.rb:12
  [1m[36mUser Create (0.8ms)[0m  [1m[32mINSERT INTO "users" ("username", "created_at", "updated_at") VALUES ($1, $2, $3) RETURNING "id"[0m  [["username", "nathanial@hahnstroman.info"], ["created_at", "2019-03-28 23:50:56.153664"], ["updated_at", "2019-03-28 23:50:56.153664"]]
  ↳ db/seeds.rb:12
  [1m[35m (0.6ms)[0m  [1m[35mCOMMIT[0m
  ↳ db/seeds.rb:12
  [1m[35m (1.3ms)[0m  [1m[34mSELECT "schema_migrations"."version" FROM "schema_migrations" ORDER BY "schema_migrations"."version" ASC[0m
  ↳ bin/rails:9
  [1m[35m (0.2ms)[0m  [1m[35mBEGIN[0m
  ↳ db/seeds.rb:12
  [1m[36mUser Exists (1.0ms)[0m  [1m[34mSELECT  1 AS one FROM "users" WHERE "users"."username" = $1 LIMIT $2[0m  [["username", "felipa@kunzefritsch.co"], ["LIMIT", 1]]
  ↳ db/seeds.rb:12
  [1m[36mUser Create (0.6ms)[0m  [1m[32mINSERT INTO "users" ("username", "created_at", "updated_at") VALUES ($1, $2, $3) RETURNING "id"[0m  [["username", "felipa@kunzefritsch.co"], ["created_at", "2019-03-28 23:52:28.813741"], ["updated_at", "2019-03-28 23:52:28.813741"]]
  ↳ db/seeds.rb:12
  [1m[35m (0.7ms)[0m  [1m[35mCOMMIT[0m
  ↳ db/seeds.rb:12
  [1m[35m (0.2ms)[0m  [1m[35mBEGIN[0m
  ↳ db/seeds.rb:15
  [1m[36mPoll Create (9.5ms)[0m  [1m[32mINSERT INTO "polls" ("title", "user_id") VALUES ($1, $2) RETURNING "id"[0m  [["title", "The Gravity Fist"], ["user_id", 0]]
  ↳ db/seeds.rb:15
  [1m[35m (0.5ms)[0m  [1m[35mCOMMIT[0m
  ↳ db/seeds.rb:15
  [1m[35m (0.2ms)[0m  [1m[35mBEGIN[0m
  ↳ db/seeds.rb:20
  [1m[36mQuestion Create (33.3ms)[0m  [1m[32mINSERT INTO "questions" ("poll_id", "question") VALUES ($1, $2) RETURNING "id"[0m  [["poll_id", 0], ["question", "Don’t even trip dawg.?"]]
  ↳ db/seeds.rb:20
  [1m[35m (0.6ms)[0m  [1m[35mCOMMIT[0m
  ↳ db/seeds.rb:20
  [1m[35m (0.2ms)[0m  [1m[35mBEGIN[0m
  ↳ db/seeds.rb:21
  [1m[36mQuestion Create (0.4ms)[0m  [1m[32mINSERT INTO "questions" ("poll_id", "question") VALUES ($1, $2) RETURNING "id"[0m  [["poll_id", 0], ["question", "Let me out, what you see is not the same person as me. My life's a lie. I'm not who you're looking. Let me out. Set me free. I'm really old. This isn't me. My real body is slowly dieing in a vat. Is anybody listening? Can anyone understand? Stop looking at me like that and actually help me. Help me. Help me I'm gunna die.?"]]
  ↳ db/seeds.rb:21
  [1m[35m (0.6ms)[0m  [1m[35mCOMMIT[0m
  ↳ db/seeds.rb:21
  [1m[35m (0.2ms)[0m  [1m[35mBEGIN[0m
  ↳ db/seeds.rb:24
  [1m[36mAnswerChoice Create (20.8ms)[0m  [1m[32mINSERT INTO "answer_choices" ("answer", "question_id") VALUES ($1, $2) RETURNING "id"[0m  [["answer", "Mr. Teeny"], ["question_id", 0]]
  ↳ db/seeds.rb:24
  [1m[35m (0.5ms)[0m  [1m[35mCOMMIT[0m
  ↳ db/seeds.rb:24
  [1m[35m (0.1ms)[0m  [1m[35mBEGIN[0m
  ↳ db/seeds.rb:12
  [1m[36mUser Exists (0.5ms)[0m  [1m[34mSELECT  1 AS one FROM "users" WHERE "users"."username" = $1 LIMIT $2[0m  [["username", "daisey@mertz.org"], ["LIMIT", 1]]
  ↳ db/seeds.rb:12
  [1m[36mUser Create (0.4ms)[0m  [1m[32mINSERT INTO "users" ("username", "created_at", "updated_at") VALUES ($1, $2, $3) RETURNING "id"[0m  [["username", "daisey@mertz.org"], ["created_at", "2019-03-28 23:52:28.956003"], ["updated_at", "2019-03-28 23:52:28.956003"]]
  ↳ db/seeds.rb:12
  [1m[35m (0.5ms)[0m  [1m[35mCOMMIT[0m
  ↳ db/seeds.rb:12
  [1m[35m (0.3ms)[0m  [1m[35mBEGIN[0m
  ↳ db/seeds.rb:15
  [1m[36mPoll Create (0.5ms)[0m  [1m[32mINSERT INTO "polls" ("title", "user_id") VALUES ($1, $2) RETURNING "id"[0m  [["title", "Hybrid Spirit"], ["user_id", 1]]
  ↳ db/seeds.rb:15
  [1m[35m (0.4ms)[0m  [1m[35mCOMMIT[0m
  ↳ db/seeds.rb:15
  [1m[35m (0.5ms)[0m  [1m[35mBEGIN[0m
  ↳ db/seeds.rb:20
  [1m[36mQuestion Create (1.2ms)[0m  [1m[32mINSERT INTO "questions" ("poll_id", "question") VALUES ($1, $2) RETURNING "id"[0m  [["poll_id", 1], ["question", "That just sounds like slavery with extra steps.?"]]
  ↳ db/seeds.rb:20
  [1m[35m (0.6ms)[0m  [1m[35mCOMMIT[0m
  ↳ db/seeds.rb:20
  [1m[35m (0.2ms)[0m  [1m[35mBEGIN[0m
  ↳ db/seeds.rb:21
  [1m[36mQuestion Create (1.4ms)[0m  [1m[32mINSERT INTO "questions" ("poll_id", "question") VALUES ($1, $2) RETURNING "id"[0m  [["poll_id", 1], ["question", "The first rule of space travel kids is always check out distress beacons. Nine out of ten times it's a ship full of dead aliens and a bunch of free shit! One out of ten times it's a deadly trap, but... I'm ready to roll those dice!?"]]
  ↳ db/seeds.rb:21
  [1m[35m (0.5ms)[0m  [1m[35mCOMMIT[0m
  ↳ db/seeds.rb:21
  [1m[35m (0.2ms)[0m  [1m[35mBEGIN[0m
  ↳ db/seeds.rb:24
  [1m[36mAnswerChoice Create (0.4ms)[0m  [1m[32mINSERT INTO "answer_choices" ("answer", "question_id") VALUES ($1, $2) RETURNING "id"[0m  [["answer", "Sideshow Mel"], ["question_id", 1]]
  ↳ db/seeds.rb:24
  [1m[35m (0.6ms)[0m  [1m[35mCOMMIT[0m
  ↳ db/seeds.rb:24
  [1m[35m (0.2ms)[0m  [1m[35mBEGIN[0m
  ↳ db/seeds.rb:12
  [1m[36mUser Exists (0.5ms)[0m  [1m[34mSELECT  1 AS one FROM "users" WHERE "users"."username" = $1 LIMIT $2[0m  [["username", "gerrykshlerin@beier.biz"], ["LIMIT", 1]]
  ↳ db/seeds.rb:12
  [1m[36mUser Create (0.4ms)[0m  [1m[32mINSERT INTO "users" ("username", "created_at", "updated_at") VALUES ($1, $2, $3) RETURNING "id"[0m  [["username", "gerrykshlerin@beier.biz"], ["created_at", "2019-03-28 23:52:28.980055"], ["updated_at", "2019-03-28 23:52:28.980055"]]
  ↳ db/seeds.rb:12
  [1m[35m (0.5ms)[0m  [1m[35mCOMMIT[0m
  ↳ db/seeds.rb:12
  [1m[35m (0.2ms)[0m  [1m[35mBEGIN[0m
  ↳ db/seeds.rb:15
  [1m[36mPoll Create (0.4ms)[0m  [1m[32mINSERT INTO "polls" ("title", "user_id") VALUES ($1, $2) RETURNING "id"[0m  [["title", "Dark Carnage Strike"], ["user_id", 2]]
  ↳ db/seeds.rb:15
  [1m[35m (0.5ms)[0m  [1m[35mCOMMIT[0m
  ↳ db/seeds.rb:15
  [1m[35m (0.2ms)[0m  [1m[35mBEGIN[0m
  ↳ db/seeds.rb:20
  [1m[36mQuestion Create (0.5ms)[0m  [1m[32mINSERT INTO "questions" ("poll_id", "question") VALUES ($1, $2) RETURNING "id"[0m  [["poll_id", 2], ["question", "No no, If I wanted to be sober, I wouldn’t have gotten drunk.?"]]
  ↳ db/seeds.rb:20
  [1m[35m (0.6ms)[0m  [1m[35mCOMMIT[0m
  ↳ db/seeds.rb:20
  [1m[35m (0.2ms)[0m  [1m[35mBEGIN[0m
  ↳ db/seeds.rb:21
  [1m[36mQuestion Create (0.4ms)[0m  [1m[32mINSERT INTO "questions" ("poll_id", "question") VALUES ($1, $2) RETURNING "id"[0m  [["poll_id", 2], ["question", "Well then get your shit together. Get it all together and put it in a backpack, all your shit, so it's together. ...and if you gotta take it somewhere, take it somewhere ya know? Take it to the shit store and sell it, or put it in a shit museum. I don't care what you do, you just gotta get it together... Get your shit together.?"]]
  ↳ db/seeds.rb:21
  [1m[35m (0.8ms)[0m  [1m[35mCOMMIT[0m
  ↳ db/seeds.rb:21
  [1m[35m (0.2ms)[0m  [1m[35mBEGIN[0m
  ↳ db/seeds.rb:24
  [1m[36mAnswerChoice Create (0.4ms)[0m  [1m[32mINSERT INTO "answer_choices" ("answer", "question_id") VALUES ($1, $2) RETURNING "id"[0m  [["answer", "Judge Constance Harm"], ["question_id", 2]]
  ↳ db/seeds.rb:24
  [1m[35m (0.5ms)[0m  [1m[35mCOMMIT[0m
  ↳ db/seeds.rb:24
  [1m[35m (0.2ms)[0m  [1m[35mBEGIN[0m
  ↳ db/seeds.rb:12
  [1m[36mUser Exists (0.4ms)[0m  [1m[34mSELECT  1 AS one FROM "users" WHERE "users"."username" = $1 LIMIT $2[0m  [["username", "kent@gulgowski.name"], ["LIMIT", 1]]
  ↳ db/seeds.rb:12
  [1m[36mUser Create (0.4ms)[0m  [1m[32mINSERT INTO "users" ("username", "created_at", "updated_at") VALUES ($1, $2, $3) RETURNING "id"[0m  [["username", "kent@gulgowski.name"], ["created_at", "2019-03-28 23:52:28.995004"], ["updated_at", "2019-03-28 23:52:28.995004"]]
  ↳ db/seeds.rb:12
  [1m[35m (0.5ms)[0m  [1m[35mCOMMIT[0m
  ↳ db/seeds.rb:12
  [1m[35m (0.2ms)[0m  [1m[35mBEGIN[0m
  ↳ db/seeds.rb:15
  [1m[36mPoll Create (0.6ms)[0m  [1m[32mINSERT INTO "polls" ("title", "user_id") VALUES ($1, $2) RETURNING "id"[0m  [["title", "Mr Toxin Claw"], ["user_id", 3]]
  ↳ db/seeds.rb:15
  [1m[35m (0.5ms)[0m  [1m[35mCOMMIT[0m
  ↳ db/seeds.rb:15
  [1m[35m (0.2ms)[0m  [1m[35mBEGIN[0m
  ↳ db/seeds.rb:20
  [1m[36mQuestion Create (0.6ms)[0m  [1m[32mINSERT INTO "questions" ("poll_id", "question") VALUES ($1, $2) RETURNING "id"[0m  [["poll_id", 3], ["question", "This sounds like something The One True Morty might say.?"]]
  ↳ db/seeds.rb:20
  [1m[35m (0.4ms)[0m  [1m[35mCOMMIT[0m
  ↳ db/seeds.rb:20
  [1m[35m (0.1ms)[0m  [1m[35mBEGIN[0m
  ↳ db/seeds.rb:21
  [1m[36mQuestion Create (0.4ms)[0m  [1m[32mINSERT INTO "questions" ("poll_id", "question") VALUES ($1, $2) RETURNING "id"[0m  [["poll_id", 3], ["question", "Hello Jerry, come to rub my face in urine again??"]]
  ↳ db/seeds.rb:21
  [1m[35m (0.4ms)[0m  [1m[35mCOMMIT[0m
  ↳ db/seeds.rb:21
  [1m[35m (0.2ms)[0m  [1m[35mBEGIN[0m
  ↳ db/seeds.rb:24
  [1m[36mAnswerChoice Create (0.6ms)[0m  [1m[32mINSERT INTO "answer_choices" ("answer", "question_id") VALUES ($1, $2) RETURNING "id"[0m  [["answer", "Maude Flanders"], ["question_id", 3]]
  ↳ db/seeds.rb:24
  [1m[35m (0.6ms)[0m  [1m[35mCOMMIT[0m
  ↳ db/seeds.rb:24
  [1m[35m (0.3ms)[0m  [1m[35mBEGIN[0m
  ↳ db/seeds.rb:12
  [1m[36mUser Exists (1.4ms)[0m  [1m[34mSELECT  1 AS one FROM "users" WHERE "users"."username" = $1 LIMIT $2[0m  [["username", "trevor@little.co"], ["LIMIT", 1]]
  ↳ db/seeds.rb:12
  [1m[36mUser Create (0.5ms)[0m  [1m[32mINSERT INTO "users" ("username", "created_at", "updated_at") VALUES ($1, $2, $3) RETURNING "id"[0m  [["username", "trevor@little.co"], ["created_at", "2019-03-28 23:52:29.017067"], ["updated_at", "2019-03-28 23:52:29.017067"]]
  ↳ db/seeds.rb:12
  [1m[35m (0.6ms)[0m  [1m[35mCOMMIT[0m
  ↳ db/seeds.rb:12
  [1m[35m (0.4ms)[0m  [1m[35mBEGIN[0m
  ↳ db/seeds.rb:15
  [1m[36mPoll Create (0.5ms)[0m  [1m[32mINSERT INTO "polls" ("title", "user_id") VALUES ($1, $2) RETURNING "id"[0m  [["title", "Red Callisto"], ["user_id", 4]]
  ↳ db/seeds.rb:15
  [1m[35m (0.4ms)[0m  [1m[35mCOMMIT[0m
  ↳ db/seeds.rb:15
  [1m[35m (0.1ms)[0m  [1m[35mBEGIN[0m
  ↳ db/seeds.rb:20
  [1m[36mQuestion Create (0.4ms)[0m  [1m[32mINSERT INTO "questions" ("poll_id", "question") VALUES ($1, $2) RETURNING "id"[0m  [["poll_id", 4], ["question", "Well then get your shit together. Get it all together and put it in a backpack, all your shit, so it's together. ...and if you gotta take it somewhere, take it somewhere ya know? Take it to the shit store and sell it, or put it in a shit museum. I don't care what you do, you just gotta get it together... Get your shit together.?"]]
  ↳ db/seeds.rb:20
  [1m[35m (0.4ms)[0m  [1m[35mCOMMIT[0m
  ↳ db/seeds.rb:20
  [1m[35m (0.2ms)[0m  [1m[35mBEGIN[0m
  ↳ db/seeds.rb:21
  [1m[36mQuestion Create (0.4ms)[0m  [1m[32mINSERT INTO "questions" ("poll_id", "question") VALUES ($1, $2) RETURNING "id"[0m  [["poll_id", 4], ["question", "Existence is pain to a meeseeks Jerry, and we will do anything to alleviate that pain.?"]]
  ↳ db/seeds.rb:21
  [1m[35m (0.5ms)[0m  [1m[35mCOMMIT[0m
  ↳ db/seeds.rb:21
  [1m[35m (0.2ms)[0m  [1m[35mBEGIN[0m
  ↳ db/seeds.rb:24
  [1m[36mAnswerChoice Create (0.4ms)[0m  [1m[32mINSERT INTO "answer_choices" ("answer", "question_id") VALUES ($1, $2) RETURNING "id"[0m  [["answer", "Principal Seymour Skinner"], ["question_id", 4]]
  ↳ db/seeds.rb:24
  [1m[35m (0.5ms)[0m  [1m[35mCOMMIT[0m
  ↳ db/seeds.rb:24
  [1m[35m (0.2ms)[0m  [1m[35mBEGIN[0m
  ↳ db/seeds.rb:12
  [1m[36mUser Exists (0.4ms)[0m  [1m[34mSELECT  1 AS one FROM "users" WHERE "users"."username" = $1 LIMIT $2[0m  [["username", "carltonebert@bosco.co"], ["LIMIT", 1]]
  ↳ db/seeds.rb:12
  [1m[36mUser Create (0.4ms)[0m  [1m[32mINSERT INTO "users" ("username", "created_at", "updated_at") VALUES ($1, $2, $3) RETURNING "id"[0m  [["username", "carltonebert@bosco.co"], ["created_at", "2019-03-28 23:52:29.034834"], ["updated_at", "2019-03-28 23:52:29.034834"]]
  ↳ db/seeds.rb:12
  [1m[35m (0.5ms)[0m  [1m[35mCOMMIT[0m
  ↳ db/seeds.rb:12
  [1m[35m (0.1ms)[0m  [1m[35mBEGIN[0m
  ↳ db/seeds.rb:15
  [1m[36mPoll Create (0.4ms)[0m  [1m[32mINSERT INTO "polls" ("title", "user_id") VALUES ($1, $2) RETURNING "id"[0m  [["title", "Mr Thing Woman"], ["user_id", 5]]
  ↳ db/seeds.rb:15
  [1m[35m (0.5ms)[0m  [1m[35mCOMMIT[0m
  ↳ db/seeds.rb:15
  [1m[35m (0.2ms)[0m  [1m[35mBEGIN[0m
  ↳ db/seeds.rb:20
  [1m[36mQuestion Create (0.4ms)[0m  [1m[32mINSERT INTO "questions" ("poll_id", "question") VALUES ($1, $2) RETURNING "id"[0m  [["poll_id", 5], ["question", "You're like Hitler, except...Hitler cared about Germany, or something.?"]]
  ↳ db/seeds.rb:20
  [1m[35m (0.5ms)[0m  [1m[35mCOMMIT[0m
  ↳ db/seeds.rb:20
  [1m[35m (0.2ms)[0m  [1m[35mBEGIN[0m
  ↳ db/seeds.rb:21
  [1m[36mQuestion Create (0.4ms)[0m  [1m[32mINSERT INTO "questions" ("poll_id", "question") VALUES ($1, $2) RETURNING "id"[0m  [["poll_id", 5], ["question", "Sometimes science is a lot more art, than science. A lot of people don't get that.?"]]
  ↳ db/seeds.rb:21
  [1m[35m (0.7ms)[0m  [1m[35mCOMMIT[0m
  ↳ db/seeds.rb:21
  [1m[35m (0.4ms)[0m  [1m[35mBEGIN[0m
  ↳ db/seeds.rb:24
  [1m[36mAnswerChoice Create (0.7ms)[0m  [1m[32mINSERT INTO "answer_choices" ("answer", "question_id") VALUES ($1, $2) RETURNING "id"[0m  [["answer", "Blue Haired Lawyer"], ["question_id", 5]]
  ↳ db/seeds.rb:24
  [1m[35m (0.4ms)[0m  [1m[35mCOMMIT[0m
  ↳ db/seeds.rb:24
  [1m[35m (0.1ms)[0m  [1m[35mBEGIN[0m
  ↳ db/seeds.rb:12
  [1m[36mUser Exists (0.4ms)[0m  [1m[34mSELECT  1 AS one FROM "users" WHERE "users"."username" = $1 LIMIT $2[0m  [["username", "nicholas@langworth.com"], ["LIMIT", 1]]
  ↳ db/seeds.rb:12
  [1m[36mUser Create (0.4ms)[0m  [1m[32mINSERT INTO "users" ("username", "created_at", "updated_at") VALUES ($1, $2, $3) RETURNING "id"[0m  [["username", "nicholas@langworth.com"], ["created_at", "2019-03-28 23:52:29.051542"], ["updated_at", "2019-03-28 23:52:29.051542"]]
  ↳ db/seeds.rb:12
  [1m[35m (0.4ms)[0m  [1m[35mCOMMIT[0m
  ↳ db/seeds.rb:12
  [1m[35m (0.3ms)[0m  [1m[35mBEGIN[0m
  ↳ db/seeds.rb:15
  [1m[36mPoll Create (0.5ms)[0m  [1m[32mINSERT INTO "polls" ("title", "user_id") VALUES ($1, $2) RETURNING "id"[0m  [["title", "Supah Boom Boom IX"], ["user_id", 6]]
  ↳ db/seeds.rb:15
  [1m[35m (0.6ms)[0m  [1m[35mCOMMIT[0m
  ↳ db/seeds.rb:15
  [1m[35m (0.2ms)[0m  [1m[35mBEGIN[0m
  ↳ db/seeds.rb:20
  [1m[36mQuestion Create (0.4ms)[0m  [1m[32mINSERT INTO "questions" ("poll_id", "question") VALUES ($1, $2) RETURNING "id"[0m  [["poll_id", 6], ["question", "No no, If I wanted to be sober, I wouldn’t have gotten drunk.?"]]
  ↳ db/seeds.rb:20
  [1m[35m (0.5ms)[0m  [1m[35mCOMMIT[0m
  ↳ db/seeds.rb:20
  [1m[35m (0.1ms)[0m  [1m[35mBEGIN[0m
  ↳ db/seeds.rb:21
  [1m[36mQuestion Create (0.4ms)[0m  [1m[32mINSERT INTO "questions" ("poll_id", "question") VALUES ($1, $2) RETURNING "id"[0m  [["poll_id", 6], ["question", "I hate to break it to you, but what people call 'love' is just a chemical reaction that compels animals to breed. It hits hard Morty then it slowly fades leaving you stranded in a failing marriage. I did it. Your parents are going to do it. Break the cycle Morty, rise above, focus on science.?"]]
  ↳ db/seeds.rb:21
  [1m[35m (1.2ms)[0m  [1m[35mCOMMIT[0m
  ↳ db/seeds.rb:21
  [1m[35m (0.5ms)[0m  [1m[35mBEGIN[0m
  ↳ db/seeds.rb:24
  [1m[36mAnswerChoice Create (0.6ms)[0m  [1m[32mINSERT INTO "answer_choices" ("answer", "question_id") VALUES ($1, $2) RETURNING "id"[0m  [["answer", "Mayor \"Diamond Joe\" Quimby"], ["question_id", 6]]
  ↳ db/seeds.rb:24
  [1m[35m (1.5ms)[0m  [1m[35mCOMMIT[0m
  ↳ db/seeds.rb:24
  [1m[35m (0.2ms)[0m  [1m[35mBEGIN[0m
  ↳ db/seeds.rb:12
  [1m[36mUser Exists (0.5ms)[0m  [1m[34mSELECT  1 AS one FROM "users" WHERE "users"."username" = $1 LIMIT $2[0m  [["username", "herminemcclure@kunze.io"], ["LIMIT", 1]]
  ↳ db/seeds.rb:12
  [1m[36mUser Create (0.4ms)[0m  [1m[32mINSERT INTO "users" ("username", "created_at", "updated_at") VALUES ($1, $2, $3) RETURNING "id"[0m  [["username", "herminemcclure@kunze.io"], ["created_at", "2019-03-28 23:52:29.075678"], ["updated_at", "2019-03-28 23:52:29.075678"]]
  ↳ db/seeds.rb:12
  [1m[35m (0.6ms)[0m  [1m[35mCOMMIT[0m
  ↳ db/seeds.rb:12
  [1m[35m (0.2ms)[0m  [1m[35mBEGIN[0m
  ↳ db/seeds.rb:15
  [1m[36mPoll Create (0.4ms)[0m  [1m[32mINSERT INTO "polls" ("title", "user_id") VALUES ($1, $2) RETURNING "id"[0m  [["title", "Animal"], ["user_id", 7]]
  ↳ db/seeds.rb:15
  [1m[35m (0.5ms)[0m  [1m[35mCOMMIT[0m
  ↳ db/seeds.rb:15
  [1m[35m (0.2ms)[0m  [1m[35mBEGIN[0m
  ↳ db/seeds.rb:20
  [1m[36mQuestion Create (0.4ms)[0m  [1m[32mINSERT INTO "questions" ("poll_id", "question") VALUES ($1, $2) RETURNING "id"[0m  [["poll_id", 7], ["question", "Existence is pain to a meeseeks Jerry, and we will do anything to alleviate that pain.?"]]
  ↳ db/seeds.rb:20
  [1m[35m (0.5ms)[0m  [1m[35mCOMMIT[0m
  ↳ db/seeds.rb:20
  [1m[35m (0.2ms)[0m  [1m[35mBEGIN[0m
  ↳ db/seeds.rb:21
  [1m[36mQuestion Create (0.4ms)[0m  [1m[32mINSERT INTO "questions" ("poll_id", "question") VALUES ($1, $2) RETURNING "id"[0m  [["poll_id", 7], ["question", "Nobody exists on purpose. Nobody belongs anywhere. Everybody is going to die.?"]]
  ↳ db/seeds.rb:21
  [1m[35m (0.5ms)[0m  [1m[35mCOMMIT[0m
  ↳ db/seeds.rb:21
  [1m[35m (0.2ms)[0m  [1m[35mBEGIN[0m
  ↳ db/seeds.rb:24
  [1m[36mAnswerChoice Create (0.4ms)[0m  [1m[32mINSERT INTO "answer_choices" ("answer", "question_id") VALUES ($1, $2) RETURNING "id"[0m  [["answer", "Gary"], ["question_id", 7]]
  ↳ db/seeds.rb:24
  [1m[35m (0.5ms)[0m  [1m[35mCOMMIT[0m
  ↳ db/seeds.rb:24
  [1m[35m (0.2ms)[0m  [1m[35mBEGIN[0m
  ↳ db/seeds.rb:12
  [1m[36mUser Exists (0.7ms)[0m  [1m[34mSELECT  1 AS one FROM "users" WHERE "users"."username" = $1 LIMIT $2[0m  [["username", "eliana@kirlin.com"], ["LIMIT", 1]]
  ↳ db/seeds.rb:12
  [1m[36mUser Create (0.5ms)[0m  [1m[32mINSERT INTO "users" ("username", "created_at", "updated_at") VALUES ($1, $2, $3) RETURNING "id"[0m  [["username", "eliana@kirlin.com"], ["created_at", "2019-03-28 23:52:29.090843"], ["updated_at", "2019-03-28 23:52:29.090843"]]
  ↳ db/seeds.rb:12
  [1m[35m (0.6ms)[0m  [1m[35mCOMMIT[0m
  ↳ db/seeds.rb:12
  [1m[35m (0.1ms)[0m  [1m[35mBEGIN[0m
  ↳ db/seeds.rb:15
  [1m[36mPoll Create (0.4ms)[0m  [1m[32mINSERT INTO "polls" ("title", "user_id") VALUES ($1, $2) RETURNING "id"[0m  [["title", "Doctor Penance X"], ["user_id", 8]]
  ↳ db/seeds.rb:15
  [1m[35m (0.4ms)[0m  [1m[35mCOMMIT[0m
  ↳ db/seeds.rb:15
  [1m[35m (0.2ms)[0m  [1m[35mBEGIN[0m
  ↳ db/seeds.rb:20
  [1m[36mQuestion Create (0.5ms)[0m  [1m[32mINSERT INTO "questions" ("poll_id", "question") VALUES ($1, $2) RETURNING "id"[0m  [["poll_id", 8], ["question", "Aw, c'mon Rick. That doesn't seem so bad.?"]]
  ↳ db/seeds.rb:20
  [1m[35m (0.4ms)[0m  [1m[35mCOMMIT[0m
  ↳ db/seeds.rb:20
  [1m[35m (0.1ms)[0m  [1m[35mBEGIN[0m
  ↳ db/seeds.rb:21
  [1m[36mQuestion Create (0.4ms)[0m  [1m[32mINSERT INTO "questions" ("poll_id", "question") VALUES ($1, $2) RETURNING "id"[0m  [["poll_id", 8], ["question", "Nobody exists on purpose. Nobody belongs anywhere. Everybody is going to die.?"]]
  ↳ db/seeds.rb:21
  [1m[35m (0.4ms)[0m  [1m[35mCOMMIT[0m
  ↳ db/seeds.rb:21
  [1m[35m (0.4ms)[0m  [1m[35mBEGIN[0m
  ↳ db/seeds.rb:24
  [1m[36mAnswerChoice Create (0.4ms)[0m  [1m[32mINSERT INTO "answer_choices" ("answer", "question_id") VALUES ($1, $2) RETURNING "id"[0m  [["answer", "Selma Bouvier"], ["question_id", 8]]
  ↳ db/seeds.rb:24
  [1m[35m (0.6ms)[0m  [1m[35mCOMMIT[0m
  ↳ db/seeds.rb:24
  [1m[35m (0.2ms)[0m  [1m[35mBEGIN[0m
  ↳ db/seeds.rb:12
  [1m[36mUser Exists (0.4ms)[0m  [1m[34mSELECT  1 AS one FROM "users" WHERE "users"."username" = $1 LIMIT $2[0m  [["username", "gerda@sipesmurphy.name"], ["LIMIT", 1]]
  ↳ db/seeds.rb:12
  [1m[36mUser Create (0.4ms)[0m  [1m[32mINSERT INTO "users" ("username", "created_at", "updated_at") VALUES ($1, $2, $3) RETURNING "id"[0m  [["username", "gerda@sipesmurphy.name"], ["created_at", "2019-03-28 23:52:29.107872"], ["updated_at", "2019-03-28 23:52:29.107872"]]
  ↳ db/seeds.rb:12
  [1m[35m (0.6ms)[0m  [1m[35mCOMMIT[0m
  ↳ db/seeds.rb:12
  [1m[35m (0.2ms)[0m  [1m[35mBEGIN[0m
  ↳ db/seeds.rb:15
  [1m[36mPoll Create (0.4ms)[0m  [1m[32mINSERT INTO "polls" ("title", "user_id") VALUES ($1, $2) RETURNING "id"[0m  [["title", "Giant Omniscient XI"], ["user_id", 9]]
  ↳ db/seeds.rb:15
  [1m[35m (0.6ms)[0m  [1m[35mCOMMIT[0m
  ↳ db/seeds.rb:15
  [1m[35m (0.2ms)[0m  [1m[35mBEGIN[0m
  ↳ db/seeds.rb:20
  [1m[36mQuestion Create (1.4ms)[0m  [1m[32mINSERT INTO "questions" ("poll_id", "question") VALUES ($1, $2) RETURNING "id"[0m  [["poll_id", 9], ["question", "Get off the high road Summer. We all got pink eye because you wouldn't stop texting on the toilet.?"]]
  ↳ db/seeds.rb:20
  [1m[35m (0.9ms)[0m  [1m[35mCOMMIT[0m
  ↳ db/seeds.rb:20
  [1m[35m (0.2ms)[0m  [1m[35mBEGIN[0m
  ↳ db/seeds.rb:21
  [1m[36mQuestion Create (1.3ms)[0m  [1m[32mINSERT INTO "questions" ("poll_id", "question") VALUES ($1, $2) RETURNING "id"[0m  [["poll_id", 9], ["question", "Aw, c'mon Rick. That doesn't seem so bad.?"]]
  ↳ db/seeds.rb:21
  [1m[35m (0.9ms)[0m  [1m[35mCOMMIT[0m
  ↳ db/seeds.rb:21
  [1m[35m (0.2ms)[0m  [1m[35mBEGIN[0m
  ↳ db/seeds.rb:24
  [1m[36mAnswerChoice Create (0.4ms)[0m  [1m[32mINSERT INTO "answer_choices" ("answer", "question_id") VALUES ($1, $2) RETURNING "id"[0m  [["answer", "Baby Gerald"], ["question_id", 9]]
  ↳ db/seeds.rb:24
  [1m[35m (0.6ms)[0m  [1m[35mCOMMIT[0m
  ↳ db/seeds.rb:24
  [1m[35m (0.2ms)[0m  [1m[35mBEGIN[0m
  ↳ db/seeds.rb:27
  [1m[36mResponse Create (31.0ms)[0m  [1m[32mINSERT INTO "responses" ("user_id", "answer_id") VALUES ($1, $2) RETURNING "id"[0m  [["user_id", 1], ["answer_id", 8]]
  ↳ db/seeds.rb:27
  [1m[35m (0.8ms)[0m  [1m[35mCOMMIT[0m
  ↳ db/seeds.rb:27
  [1m[35m (0.2ms)[0m  [1m[35mBEGIN[0m
  ↳ db/seeds.rb:28
  [1m[36mResponse Create (0.4ms)[0m  [1m[32mINSERT INTO "responses" ("user_id", "answer_id") VALUES ($1, $2) RETURNING "id"[0m  [["user_id", 1], ["answer_id", 7]]
  ↳ db/seeds.rb:28
  [1m[35m (0.5ms)[0m  [1m[35mCOMMIT[0m
  ↳ db/seeds.rb:28
  [1m[35m (0.2ms)[0m  [1m[35mBEGIN[0m
  ↳ db/seeds.rb:29
  [1m[36mResponse Create (0.4ms)[0m  [1m[32mINSERT INTO "responses" ("user_id", "answer_id") VALUES ($1, $2) RETURNING "id"[0m  [["user_id", 1], ["answer_id", 6]]
  ↳ db/seeds.rb:29
  [1m[35m (0.5ms)[0m  [1m[35mCOMMIT[0m
  ↳ db/seeds.rb:29
  [1m[35m (0.2ms)[0m  [1m[35mBEGIN[0m
  ↳ db/seeds.rb:30
  [1m[36mResponse Create (0.4ms)[0m  [1m[32mINSERT INTO "responses" ("user_id", "answer_id") VALUES ($1, $2) RETURNING "id"[0m  [["user_id", 1], ["answer_id", 5]]
  ↳ db/seeds.rb:30
  [1m[35m (0.5ms)[0m  [1m[35mCOMMIT[0m
  ↳ db/seeds.rb:30
  [1m[35m (0.2ms)[0m  [1m[35mBEGIN[0m
  ↳ db/seeds.rb:31
  [1m[36mResponse Create (0.4ms)[0m  [1m[32mINSERT INTO "responses" ("user_id", "answer_id") VALUES ($1, $2) RETURNING "id"[0m  [["user_id", 2], ["answer_id", 4]]
  ↳ db/seeds.rb:31
  [1m[35m (0.5ms)[0m  [1m[35mCOMMIT[0m
  ↳ db/seeds.rb:31
  [1m[35m (0.2ms)[0m  [1m[35mBEGIN[0m
  ↳ db/seeds.rb:32
  [1m[36mResponse Create (0.4ms)[0m  [1m[32mINSERT INTO "responses" ("user_id", "answer_id") VALUES ($1, $2) RETURNING "id"[0m  [["user_id", 1], ["answer_id", 3]]
  ↳ db/seeds.rb:32
  [1m[35m (0.4ms)[0m  [1m[35mCOMMIT[0m
  ↳ db/seeds.rb:32
  [1m[35m (0.1ms)[0m  [1m[35mBEGIN[0m
  ↳ db/seeds.rb:33
  [1m[36mResponse Create (0.3ms)[0m  [1m[32mINSERT INTO "responses" ("user_id", "answer_id") VALUES ($1, $2) RETURNING "id"[0m  [["user_id", 1], ["answer_id", 2]]
  ↳ db/seeds.rb:33
  [1m[35m (0.4ms)[0m  [1m[35mCOMMIT[0m
  ↳ db/seeds.rb:33
  [1m[35m (0.2ms)[0m  [1m[35mBEGIN[0m
  ↳ db/seeds.rb:34
  [1m[36mResponse Create (0.4ms)[0m  [1m[32mINSERT INTO "responses" ("user_id", "answer_id") VALUES ($1, $2) RETURNING "id"[0m  [["user_id", 1], ["answer_id", 1]]
  ↳ db/seeds.rb:34
  [1m[35m (0.5ms)[0m  [1m[35mCOMMIT[0m
  ↳ db/seeds.rb:34
  [1m[35m (1.0ms)[0m  [1m[34mSELECT "schema_migrations"."version" FROM "schema_migrations" ORDER BY "schema_migrations"."version" ASC[0m
  ↳ bin/rails:9
  [1m[35m (0.2ms)[0m  [1m[35mBEGIN[0m
  ↳ db/seeds.rb:12
  [1m[36mUser Exists (1.0ms)[0m  [1m[34mSELECT  1 AS one FROM "users" WHERE "users"."username" = $1 LIMIT $2[0m  [["username", "charleen@rippin.com"], ["LIMIT", 1]]
  ↳ db/seeds.rb:12
  [1m[36mUser Create (0.6ms)[0m  [1m[32mINSERT INTO "users" ("username", "created_at", "updated_at") VALUES ($1, $2, $3) RETURNING "id"[0m  [["username", "charleen@rippin.com"], ["created_at", "2019-03-28 23:53:33.657262"], ["updated_at", "2019-03-28 23:53:33.657262"]]
  ↳ db/seeds.rb:12
  [1m[35m (0.7ms)[0m  [1m[35mCOMMIT[0m
  ↳ db/seeds.rb:12
  [1m[35m (0.2ms)[0m  [1m[35mBEGIN[0m
  ↳ db/seeds.rb:15
  [1m[36mPoll Create (0.7ms)[0m  [1m[32mINSERT INTO "polls" ("title", "user_id") VALUES ($1, $2) RETURNING "id"[0m  [["title", "General Scarecrow Ivy"], ["user_id", 0]]
  ↳ db/seeds.rb:15
  [1m[35m (0.5ms)[0m  [1m[35mCOMMIT[0m
  ↳ db/seeds.rb:15
  [1m[35m (0.2ms)[0m  [1m[35mBEGIN[0m
  ↳ db/seeds.rb:20
  [1m[36mQuestion Create (0.6ms)[0m  [1m[32mINSERT INTO "questions" ("poll_id", "question") VALUES ($1, $2) RETURNING "id"[0m  [["poll_id", 0], ["question", "Keep Summer safe.?"]]
  ↳ db/seeds.rb:20
  [1m[35m (0.5ms)[0m  [1m[35mCOMMIT[0m
  ↳ db/seeds.rb:20
  [1m[35m (0.2ms)[0m  [1m[35mBEGIN[0m
  ↳ db/seeds.rb:21
  [1m[36mQuestion Create (0.4ms)[0m  [1m[32mINSERT INTO "questions" ("poll_id", "question") VALUES ($1, $2) RETURNING "id"[0m  [["poll_id", 0], ["question", "Well then get your shit together. Get it all together and put it in a backpack, all your shit, so it's together. ...and if you gotta take it somewhere, take it somewhere ya know? Take it to the shit store and sell it, or put it in a shit museum. I don't care what you do, you just gotta get it together... Get your shit together.?"]]
  ↳ db/seeds.rb:21
  [1m[35m (0.5ms)[0m  [1m[35mCOMMIT[0m
  ↳ db/seeds.rb:21
  [1m[35m (0.2ms)[0m  [1m[35mBEGIN[0m
  ↳ db/seeds.rb:24
  [1m[36mAnswerChoice Create (0.6ms)[0m  [1m[32mINSERT INTO "answer_choices" ("answer", "question_id") VALUES ($1, $2) RETURNING "id"[0m  [["answer", "Patches Violet"], ["question_id", 0]]
  ↳ db/seeds.rb:24
  [1m[35m (0.5ms)[0m  [1m[35mCOMMIT[0m
  ↳ db/seeds.rb:24
  [1m[35m (0.2ms)[0m  [1m[35mBEGIN[0m
  ↳ db/seeds.rb:12
  [1m[36mUser Exists (0.4ms)[0m  [1m[34mSELECT  1 AS one FROM "users" WHERE "users"."username" = $1 LIMIT $2[0m  [["username", "josefinewest@kub.co"], ["LIMIT", 1]]
  ↳ db/seeds.rb:12
  [1m[36mUser Create (0.6ms)[0m  [1m[32mINSERT INTO "users" ("username", "created_at", "updated_at") VALUES ($1, $2, $3) RETURNING "id"[0m  [["username", "josefinewest@kub.co"], ["created_at", "2019-03-28 23:53:33.716688"], ["updated_at", "2019-03-28 23:53:33.716688"]]
  ↳ db/seeds.rb:12
  [1m[35m (0.5ms)[0m  [1m[35mCOMMIT[0m
  ↳ db/seeds.rb:12
  [1m[35m (0.2ms)[0m  [1m[35mBEGIN[0m
  ↳ db/seeds.rb:15
  [1m[36mPoll Create (0.4ms)[0m  [1m[32mINSERT INTO "polls" ("title", "user_id") VALUES ($1, $2) RETURNING "id"[0m  [["title", "The Niki Sanders"], ["user_id", 1]]
  ↳ db/seeds.rb:15
  [1m[35m (0.5ms)[0m  [1m[35mCOMMIT[0m
  ↳ db/seeds.rb:15
  [1m[35m (0.2ms)[0m  [1m[35mBEGIN[0m
  ↳ db/seeds.rb:20
  [1m[36mQuestion Create (0.4ms)[0m  [1m[32mINSERT INTO "questions" ("poll_id", "question") VALUES ($1, $2) RETURNING "id"[0m  [["poll_id", 1], ["question", "Well then get your shit together. Get it all together and put it in a backpack, all your shit, so it's together. ...and if you gotta take it somewhere, take it somewhere ya know? Take it to the shit store and sell it, or put it in a shit museum. I don't care what you do, you just gotta get it together... Get your shit together.?"]]
  ↳ db/seeds.rb:20
  [1m[35m (0.5ms)[0m  [1m[35mCOMMIT[0m
  ↳ db/seeds.rb:20
  [1m[35m (0.2ms)[0m  [1m[35mBEGIN[0m
  ↳ db/seeds.rb:21
  [1m[36mQuestion Create (0.4ms)[0m  [1m[32mINSERT INTO "questions" ("poll_id", "question") VALUES ($1, $2) RETURNING "id"[0m  [["poll_id", 1], ["question", "Yo! What up my glip glops!?"]]
  ↳ db/seeds.rb:21
  [1m[35m (0.5ms)[0m  [1m[35mCOMMIT[0m
  ↳ db/seeds.rb:21
  [1m[35m (0.2ms)[0m  [1m[35mBEGIN[0m
  ↳ db/seeds.rb:24
  [1m[36mAnswerChoice Create (0.4ms)[0m  [1m[32mINSERT INTO "answer_choices" ("answer", "question_id") VALUES ($1, $2) RETURNING "id"[0m  [["answer", "Captain Horatio McCallister"], ["question_id", 1]]
  ↳ db/seeds.rb:24
  [1m[35m (0.5ms)[0m  [1m[35mCOMMIT[0m
  ↳ db/seeds.rb:24
  [1m[35m (0.2ms)[0m  [1m[35mBEGIN[0m
  ↳ db/seeds.rb:12
  [1m[36mUser Exists (0.4ms)[0m  [1m[34mSELECT  1 AS one FROM "users" WHERE "users"."username" = $1 LIMIT $2[0m  [["username", "farrah@oconnell.org"], ["LIMIT", 1]]
  ↳ db/seeds.rb:12
  [1m[36mUser Create (0.4ms)[0m  [1m[32mINSERT INTO "users" ("username", "created_at", "updated_at") VALUES ($1, $2, $3) RETURNING "id"[0m  [["username", "farrah@oconnell.org"], ["created_at", "2019-03-28 23:53:33.730729"], ["updated_at", "2019-03-28 23:53:33.730729"]]
  ↳ db/seeds.rb:12
  [1m[35m (0.5ms)[0m  [1m[35mCOMMIT[0m
  ↳ db/seeds.rb:12
  [1m[35m (0.2ms)[0m  [1m[35mBEGIN[0m
  ↳ db/seeds.rb:15
  [1m[36mPoll Create (0.4ms)[0m  [1m[32mINSERT INTO "polls" ("title", "user_id") VALUES ($1, $2) RETURNING "id"[0m  [["title", "Giant Molten Man"], ["user_id", 2]]
  ↳ db/seeds.rb:15
  [1m[35m (0.5ms)[0m  [1m[35mCOMMIT[0m
  ↳ db/seeds.rb:15
  [1m[35m (0.2ms)[0m  [1m[35mBEGIN[0m
  ↳ db/seeds.rb:20
  [1m[36mQuestion Create (0.4ms)[0m  [1m[32mINSERT INTO "questions" ("poll_id", "question") VALUES ($1, $2) RETURNING "id"[0m  [["poll_id", 2], ["question", "I hate to break it to you, but what people call 'love' is just a chemical reaction that compels animals to breed. It hits hard Morty then it slowly fades leaving you stranded in a failing marriage. I did it. Your parents are going to do it. Break the cycle Morty, rise above, focus on science.?"]]
  ↳ db/seeds.rb:20
  [1m[35m (0.7ms)[0m  [1m[35mCOMMIT[0m
  ↳ db/seeds.rb:20
  [1m[35m (0.2ms)[0m  [1m[35mBEGIN[0m
  ↳ db/seeds.rb:21
  [1m[36mQuestion Create (0.4ms)[0m  [1m[32mINSERT INTO "questions" ("poll_id", "question") VALUES ($1, $2) RETURNING "id"[0m  [["poll_id", 2], ["question", "Great, now I have to take over an entire planet because of your stupid boobs.?"]]
  ↳ db/seeds.rb:21
  [1m[35m (0.5ms)[0m  [1m[35mCOMMIT[0m
  ↳ db/seeds.rb:21
  [1m[35m (0.2ms)[0m  [1m[35mBEGIN[0m
  ↳ db/seeds.rb:24
  [1m[36mAnswerChoice Create (0.4ms)[0m  [1m[32mINSERT INTO "answer_choices" ("answer", "question_id") VALUES ($1, $2) RETURNING "id"[0m  [["answer", "Sherri"], ["question_id", 2]]
  ↳ db/seeds.rb:24
  [1m[35m (0.5ms)[0m  [1m[35mCOMMIT[0m
  ↳ db/seeds.rb:24
  [1m[35m (0.2ms)[0m  [1m[35mBEGIN[0m
  ↳ db/seeds.rb:12
  [1m[36mUser Exists (0.4ms)[0m  [1m[34mSELECT  1 AS one FROM "users" WHERE "users"."username" = $1 LIMIT $2[0m  [["username", "raleigh@goyette.com"], ["LIMIT", 1]]
  ↳ db/seeds.rb:12
  [1m[36mUser Create (0.4ms)[0m  [1m[32mINSERT INTO "users" ("username", "created_at", "updated_at") VALUES ($1, $2, $3) RETURNING "id"[0m  [["username", "raleigh@goyette.com"], ["created_at", "2019-03-28 23:53:33.744213"], ["updated_at", "2019-03-28 23:53:33.744213"]]
  ↳ db/seeds.rb:12
  [1m[35m (0.5ms)[0m  [1m[35mCOMMIT[0m
  ↳ db/seeds.rb:12
  [1m[35m (0.2ms)[0m  [1m[35mBEGIN[0m
  ↳ db/seeds.rb:15
  [1m[36mPoll Create (0.4ms)[0m  [1m[32mINSERT INTO "polls" ("title", "user_id") VALUES ($1, $2) RETURNING "id"[0m  [["title", "The Swarm I"], ["user_id", 3]]
  ↳ db/seeds.rb:15
  [1m[35m (0.7ms)[0m  [1m[35mCOMMIT[0m
  ↳ db/seeds.rb:15
  [1m[35m (0.2ms)[0m  [1m[35mBEGIN[0m
  ↳ db/seeds.rb:20
  [1m[36mQuestion Create (0.4ms)[0m  [1m[32mINSERT INTO "questions" ("poll_id", "question") VALUES ($1, $2) RETURNING "id"[0m  [["poll_id", 3], ["question", "It's fine, everything is fine. Theres an infinite number of realities Morty and in a few dozen of those I got lucky and turned everything back to normal.?"]]
  ↳ db/seeds.rb:20
  [1m[35m (0.5ms)[0m  [1m[35mCOMMIT[0m
  ↳ db/seeds.rb:20
  [1m[35m (0.2ms)[0m  [1m[35mBEGIN[0m
  ↳ db/seeds.rb:21
  [1m[36mQuestion Create (0.4ms)[0m  [1m[32mINSERT INTO "questions" ("poll_id", "question") VALUES ($1, $2) RETURNING "id"[0m  [["poll_id", 3], ["question", "Pluto's a planet.?"]]
  ↳ db/seeds.rb:21
  [1m[35m (0.5ms)[0m  [1m[35mCOMMIT[0m
  ↳ db/seeds.rb:21
  [1m[35m (0.2ms)[0m  [1m[35mBEGIN[0m
  ↳ db/seeds.rb:24
  [1m[36mAnswerChoice Create (0.4ms)[0m  [1m[32mINSERT INTO "answer_choices" ("answer", "question_id") VALUES ($1, $2) RETURNING "id"[0m  [["answer", "Maude Flanders"], ["question_id", 3]]
  ↳ db/seeds.rb:24
  [1m[35m (0.5ms)[0m  [1m[35mCOMMIT[0m
  ↳ db/seeds.rb:24
  [1m[35m (0.2ms)[0m  [1m[35mBEGIN[0m
  ↳ db/seeds.rb:12
  [1m[36mUser Exists (0.4ms)[0m  [1m[34mSELECT  1 AS one FROM "users" WHERE "users"."username" = $1 LIMIT $2[0m  [["username", "damarisyundt@denesikspinka.info"], ["LIMIT", 1]]
  ↳ db/seeds.rb:12
  [1m[36mUser Create (0.4ms)[0m  [1m[32mINSERT INTO "users" ("username", "created_at", "updated_at") VALUES ($1, $2, $3) RETURNING "id"[0m  [["username", "damarisyundt@denesikspinka.info"], ["created_at", "2019-03-28 23:53:33.757723"], ["updated_at", "2019-03-28 23:53:33.757723"]]
  ↳ db/seeds.rb:12
  [1m[35m (0.8ms)[0m  [1m[35mCOMMIT[0m
  ↳ db/seeds.rb:12
  [1m[35m (0.2ms)[0m  [1m[35mBEGIN[0m
  ↳ db/seeds.rb:15
  [1m[36mPoll Create (0.4ms)[0m  [1m[32mINSERT INTO "polls" ("title", "user_id") VALUES ($1, $2) RETURNING "id"[0m  [["title", "The Maverick"], ["user_id", 4]]
  ↳ db/seeds.rb:15
  [1m[35m (0.5ms)[0m  [1m[35mCOMMIT[0m
  ↳ db/seeds.rb:15
  [1m[35m (0.2ms)[0m  [1m[35mBEGIN[0m
  ↳ db/seeds.rb:20
  [1m[36mQuestion Create (0.4ms)[0m  [1m[32mINSERT INTO "questions" ("poll_id", "question") VALUES ($1, $2) RETURNING "id"[0m  [["poll_id", 4], ["question", "Meeseeks are not born into this world fumbling for meaning, Jerry! We are created to serve a single purpose, for which we go to any lengths to fulfill.?"]]
  ↳ db/seeds.rb:20
  [1m[35m (0.6ms)[0m  [1m[35mCOMMIT[0m
  ↳ db/seeds.rb:20
  [1m[35m (0.1ms)[0m  [1m[35mBEGIN[0m
  ↳ db/seeds.rb:21
  [1m[36mQuestion Create (0.5ms)[0m  [1m[32mINSERT INTO "questions" ("poll_id", "question") VALUES ($1, $2) RETURNING "id"[0m  [["poll_id", 4], ["question", "There is no god, Summer; gotta rip that band-aid off now you'll thank me later.?"]]
  ↳ db/seeds.rb:21
  [1m[35m (0.5ms)[0m  [1m[35mCOMMIT[0m
  ↳ db/seeds.rb:21
  [1m[35m (0.2ms)[0m  [1m[35mBEGIN[0m
  ↳ db/seeds.rb:24
  [1m[36mAnswerChoice Create (0.4ms)[0m  [1m[32mINSERT INTO "answer_choices" ("answer", "question_id") VALUES ($1, $2) RETURNING "id"[0m  [["answer", "Baby Gerald"], ["question_id", 4]]
  ↳ db/seeds.rb:24
  [1m[35m (0.5ms)[0m  [1m[35mCOMMIT[0m
  ↳ db/seeds.rb:24
  [1m[35m (0.2ms)[0m  [1m[35mBEGIN[0m
  ↳ db/seeds.rb:12
  [1m[36mUser Exists (0.4ms)[0m  [1m[34mSELECT  1 AS one FROM "users" WHERE "users"."username" = $1 LIMIT $2[0m  [["username", "patsyhuel@collins.org"], ["LIMIT", 1]]
  ↳ db/seeds.rb:12
  [1m[36mUser Create (0.4ms)[0m  [1m[32mINSERT INTO "users" ("username", "created_at", "updated_at") VALUES ($1, $2, $3) RETURNING "id"[0m  [["username", "patsyhuel@collins.org"], ["created_at", "2019-03-28 23:53:33.771520"], ["updated_at", "2019-03-28 23:53:33.771520"]]
  ↳ db/seeds.rb:12
  [1m[35m (0.5ms)[0m  [1m[35mCOMMIT[0m
  ↳ db/seeds.rb:12
  [1m[35m (0.2ms)[0m  [1m[35mBEGIN[0m
  ↳ db/seeds.rb:15
  [1m[36mPoll Create (0.4ms)[0m  [1m[32mINSERT INTO "polls" ("title", "user_id") VALUES ($1, $2) RETURNING "id"[0m  [["title", "Brother Voodoo II"], ["user_id", 5]]
  ↳ db/seeds.rb:15
  [1m[35m (0.5ms)[0m  [1m[35mCOMMIT[0m
  ↳ db/seeds.rb:15
  [1m[35m (0.2ms)[0m  [1m[35mBEGIN[0m
  ↳ db/seeds.rb:20
  [1m[36mQuestion Create (0.5ms)[0m  [1m[32mINSERT INTO "questions" ("poll_id", "question") VALUES ($1, $2) RETURNING "id"[0m  [["poll_id", 5], ["question", "Listen, I'm not the nicest guy in the universe, because I'm the smartest, and being nice is something stupid people do to hedge their bets.?"]]
  ↳ db/seeds.rb:20
  [1m[35m (0.6ms)[0m  [1m[35mCOMMIT[0m
  ↳ db/seeds.rb:20
  [1m[35m (0.2ms)[0m  [1m[35mBEGIN[0m
  ↳ db/seeds.rb:21
  [1m[36mQuestion Create (0.4ms)[0m  [1m[32mINSERT INTO "questions" ("poll_id", "question") VALUES ($1, $2) RETURNING "id"[0m  [["poll_id", 5], ["question", "I don't get it and I don't need to.?"]]
  ↳ db/seeds.rb:21
  [1m[35m (0.5ms)[0m  [1m[35mCOMMIT[0m
  ↳ db/seeds.rb:21
  [1m[35m (0.2ms)[0m  [1m[35mBEGIN[0m
  ↳ db/seeds.rb:24
  [1m[36mAnswerChoice Create (0.4ms)[0m  [1m[32mINSERT INTO "answer_choices" ("answer", "question_id") VALUES ($1, $2) RETURNING "id"[0m  [["answer", "Bill"], ["question_id", 5]]
  ↳ db/seeds.rb:24
  [1m[35m (0.5ms)[0m  [1m[35mCOMMIT[0m
  ↳ db/seeds.rb:24
  [1m[35m (0.2ms)[0m  [1m[35mBEGIN[0m
  ↳ db/seeds.rb:12
  [1m[36mUser Exists (0.4ms)[0m  [1m[34mSELECT  1 AS one FROM "users" WHERE "users"."username" = $1 LIMIT $2[0m  [["username", "jamiekunze@witting.info"], ["LIMIT", 1]]
  ↳ db/seeds.rb:12
  [1m[36mUser Create (0.4ms)[0m  [1m[32mINSERT INTO "users" ("username", "created_at", "updated_at") VALUES ($1, $2, $3) RETURNING "id"[0m  [["username", "jamiekunze@witting.info"], ["created_at", "2019-03-28 23:53:33.784480"], ["updated_at", "2019-03-28 23:53:33.784480"]]
  ↳ db/seeds.rb:12
  [1m[35m (0.6ms)[0m  [1m[35mCOMMIT[0m
  ↳ db/seeds.rb:12
  [1m[35m (0.2ms)[0m  [1m[35mBEGIN[0m
  ↳ db/seeds.rb:15
  [1m[36mPoll Create (0.4ms)[0m  [1m[32mINSERT INTO "polls" ("title", "user_id") VALUES ($1, $2) RETURNING "id"[0m  [["title", "The Aurora Strike"], ["user_id", 6]]
  ↳ db/seeds.rb:15
  [1m[35m (0.5ms)[0m  [1m[35mCOMMIT[0m
  ↳ db/seeds.rb:15
  [1m[35m (0.2ms)[0m  [1m[35mBEGIN[0m
  ↳ db/seeds.rb:20
  [1m[36mQuestion Create (0.4ms)[0m  [1m[32mINSERT INTO "questions" ("poll_id", "question") VALUES ($1, $2) RETURNING "id"[0m  [["poll_id", 6], ["question", "Go home and drink, grandpa.?"]]
  ↳ db/seeds.rb:20
  [1m[35m (0.5ms)[0m  [1m[35mCOMMIT[0m
  ↳ db/seeds.rb:20
  [1m[35m (0.2ms)[0m  [1m[35mBEGIN[0m
  ↳ db/seeds.rb:21
  [1m[36mQuestion Create (0.4ms)[0m  [1m[32mINSERT INTO "questions" ("poll_id", "question") VALUES ($1, $2) RETURNING "id"[0m  [["poll_id", 6], ["question", "That just sounds like slavery with extra steps.?"]]
  ↳ db/seeds.rb:21
  [1m[35m (0.5ms)[0m  [1m[35mCOMMIT[0m
  ↳ db/seeds.rb:21
  [1m[35m (0.2ms)[0m  [1m[35mBEGIN[0m
  ↳ db/seeds.rb:24
  [1m[36mAnswerChoice Create (0.4ms)[0m  [1m[32mINSERT INTO "answer_choices" ("answer", "question_id") VALUES ($1, $2) RETURNING "id"[0m  [["answer", "Captain Lance Murdock"], ["question_id", 6]]
  ↳ db/seeds.rb:24
  [1m[35m (0.5ms)[0m  [1m[35mCOMMIT[0m
  ↳ db/seeds.rb:24
  [1m[35m (0.2ms)[0m  [1m[35mBEGIN[0m
  ↳ db/seeds.rb:12
  [1m[36mUser Exists (0.4ms)[0m  [1m[34mSELECT  1 AS one FROM "users" WHERE "users"."username" = $1 LIMIT $2[0m  [["username", "leomakeler@jaskolskihammes.com"], ["LIMIT", 1]]
  ↳ db/seeds.rb:12
  [1m[36mUser Create (0.4ms)[0m  [1m[32mINSERT INTO "users" ("username", "created_at", "updated_at") VALUES ($1, $2, $3) RETURNING "id"[0m  [["username", "leomakeler@jaskolskihammes.com"], ["created_at", "2019-03-28 23:53:33.797635"], ["updated_at", "2019-03-28 23:53:33.797635"]]
  ↳ db/seeds.rb:12
  [1m[35m (0.5ms)[0m  [1m[35mCOMMIT[0m
  ↳ db/seeds.rb:12
  [1m[35m (0.2ms)[0m  [1m[35mBEGIN[0m
  ↳ db/seeds.rb:15
  [1m[36mPoll Create (0.4ms)[0m  [1m[32mINSERT INTO "polls" ("title", "user_id") VALUES ($1, $2) RETURNING "id"[0m  [["title", "Green Triton"], ["user_id", 7]]
  ↳ db/seeds.rb:15
  [1m[35m (0.5ms)[0m  [1m[35mCOMMIT[0m
  ↳ db/seeds.rb:15
  [1m[35m (0.2ms)[0m  [1m[35mBEGIN[0m
  ↳ db/seeds.rb:20
  [1m[36mQuestion Create (0.4ms)[0m  [1m[32mINSERT INTO "questions" ("poll_id", "question") VALUES ($1, $2) RETURNING "id"[0m  [["poll_id", 7], ["question", "Little tip, Morty. Never clean DNA vials with your spit.?"]]
  ↳ db/seeds.rb:20
  [1m[35m (0.5ms)[0m  [1m[35mCOMMIT[0m
  ↳ db/seeds.rb:20
  [1m[35m (0.2ms)[0m  [1m[35mBEGIN[0m
  ↳ db/seeds.rb:21
  [1m[36mQuestion Create (0.4ms)[0m  [1m[32mINSERT INTO "questions" ("poll_id", "question") VALUES ($1, $2) RETURNING "id"[0m  [["poll_id", 7], ["question", "Nobody exists on purpose. Nobody belongs anywhere. Everybody is going to die.?"]]
  ↳ db/seeds.rb:21
  [1m[35m (0.5ms)[0m  [1m[35mCOMMIT[0m
  ↳ db/seeds.rb:21
  [1m[35m (0.2ms)[0m  [1m[35mBEGIN[0m
  ↳ db/seeds.rb:24
  [1m[36mAnswerChoice Create (0.4ms)[0m  [1m[32mINSERT INTO "answer_choices" ("answer", "question_id") VALUES ($1, $2) RETURNING "id"[0m  [["answer", "Luann Van Houten"], ["question_id", 7]]
  ↳ db/seeds.rb:24
  [1m[35m (0.5ms)[0m  [1m[35mCOMMIT[0m
  ↳ db/seeds.rb:24
  [1m[35m (0.2ms)[0m  [1m[35mBEGIN[0m
  ↳ db/seeds.rb:12
  [1m[36mUser Exists (0.4ms)[0m  [1m[34mSELECT  1 AS one FROM "users" WHERE "users"."username" = $1 LIMIT $2[0m  [["username", "clay@ornnitzsche.io"], ["LIMIT", 1]]
  ↳ db/seeds.rb:12
  [1m[36mUser Create (0.4ms)[0m  [1m[32mINSERT INTO "users" ("username", "created_at", "updated_at") VALUES ($1, $2, $3) RETURNING "id"[0m  [["username", "clay@ornnitzsche.io"], ["created_at", "2019-03-28 23:53:33.810831"], ["updated_at", "2019-03-28 23:53:33.810831"]]
  ↳ db/seeds.rb:12
  [1m[35m (0.5ms)[0m  [1m[35mCOMMIT[0m
  ↳ db/seeds.rb:12
  [1m[35m (0.2ms)[0m  [1m[35mBEGIN[0m
  ↳ db/seeds.rb:15
  [1m[36mPoll Create (0.4ms)[0m  [1m[32mINSERT INTO "polls" ("title", "user_id") VALUES ($1, $2) RETURNING "id"[0m  [["title", "Yellow Man"], ["user_id", 8]]
  ↳ db/seeds.rb:15
  [1m[35m (0.5ms)[0m  [1m[35mCOMMIT[0m
  ↳ db/seeds.rb:15
  [1m[35m (0.2ms)[0m  [1m[35mBEGIN[0m
  ↳ db/seeds.rb:20
  [1m[36mQuestion Create (0.4ms)[0m  [1m[32mINSERT INTO "questions" ("poll_id", "question") VALUES ($1, $2) RETURNING "id"[0m  [["poll_id", 8], ["question", "Having a family doesn't mean that you stop being an individual.?"]]
  ↳ db/seeds.rb:20
  [1m[35m (0.5ms)[0m  [1m[35mCOMMIT[0m
  ↳ db/seeds.rb:20
  [1m[35m (0.2ms)[0m  [1m[35mBEGIN[0m
  ↳ db/seeds.rb:21
  [1m[36mQuestion Create (0.4ms)[0m  [1m[32mINSERT INTO "questions" ("poll_id", "question") VALUES ($1, $2) RETURNING "id"[0m  [["poll_id", 8], ["question", "Meeseeks are not born into this world fumbling for meaning, Jerry! We are created to serve a single purpose, for which we go to any lengths to fulfill.?"]]
  ↳ db/seeds.rb:21
  [1m[35m (0.5ms)[0m  [1m[35mCOMMIT[0m
  ↳ db/seeds.rb:21
  [1m[35m (0.2ms)[0m  [1m[35mBEGIN[0m
  ↳ db/seeds.rb:24
  [1m[36mAnswerChoice Create (0.4ms)[0m  [1m[32mINSERT INTO "answer_choices" ("answer", "question_id") VALUES ($1, $2) RETURNING "id"[0m  [["answer", "Poor Violet"], ["question_id", 8]]
  ↳ db/seeds.rb:24
  [1m[35m (0.5ms)[0m  [1m[35mCOMMIT[0m
  ↳ db/seeds.rb:24
  [1m[35m (0.2ms)[0m  [1m[35mBEGIN[0m
  ↳ db/seeds.rb:12
  [1m[36mUser Exists (0.4ms)[0m  [1m[34mSELECT  1 AS one FROM "users" WHERE "users"."username" = $1 LIMIT $2[0m  [["username", "eric@balistreri.name"], ["LIMIT", 1]]
  ↳ db/seeds.rb:12
  [1m[36mUser Create (0.4ms)[0m  [1m[32mINSERT INTO "users" ("username", "created_at", "updated_at") VALUES ($1, $2, $3) RETURNING "id"[0m  [["username", "eric@balistreri.name"], ["created_at", "2019-03-28 23:53:33.824161"], ["updated_at", "2019-03-28 23:53:33.824161"]]
  ↳ db/seeds.rb:12
  [1m[35m (0.6ms)[0m  [1m[35mCOMMIT[0m
  ↳ db/seeds.rb:12
  [1m[35m (0.2ms)[0m  [1m[35mBEGIN[0m
  ↳ db/seeds.rb:15
  [1m[36mPoll Create (0.4ms)[0m  [1m[32mINSERT INTO "polls" ("title", "user_id") VALUES ($1, $2) RETURNING "id"[0m  [["title", "Giant Crystal Girl"], ["user_id", 9]]
  ↳ db/seeds.rb:15
  [1m[35m (0.5ms)[0m  [1m[35mCOMMIT[0m
  ↳ db/seeds.rb:15
  [1m[35m (0.2ms)[0m  [1m[35mBEGIN[0m
  ↳ db/seeds.rb:20
  [1m[36mQuestion Create (0.4ms)[0m  [1m[32mINSERT INTO "questions" ("poll_id", "question") VALUES ($1, $2) RETURNING "id"[0m  [["poll_id", 9], ["question", "Well then get your shit together. Get it all together and put it in a backpack, all your shit, so it's together. ...and if you gotta take it somewhere, take it somewhere ya know? Take it to the shit store and sell it, or put it in a shit museum. I don't care what you do, you just gotta get it together... Get your shit together.?"]]
  ↳ db/seeds.rb:20
  [1m[35m (0.5ms)[0m  [1m[35mCOMMIT[0m
  ↳ db/seeds.rb:20
  [1m[35m (0.2ms)[0m  [1m[35mBEGIN[0m
  ↳ db/seeds.rb:21
  [1m[36mQuestion Create (0.4ms)[0m  [1m[32mINSERT INTO "questions" ("poll_id", "question") VALUES ($1, $2) RETURNING "id"[0m  [["poll_id", 9], ["question", "Go home and drink, grandpa.?"]]
  ↳ db/seeds.rb:21
  [1m[35m (0.5ms)[0m  [1m[35mCOMMIT[0m
  ↳ db/seeds.rb:21
  [1m[35m (0.2ms)[0m  [1m[35mBEGIN[0m
  ↳ db/seeds.rb:24
  [1m[36mAnswerChoice Create (0.4ms)[0m  [1m[32mINSERT INTO "answer_choices" ("answer", "question_id") VALUES ($1, $2) RETURNING "id"[0m  [["answer", "Mayor \"Diamond Joe\" Quimby"], ["question_id", 9]]
  ↳ db/seeds.rb:24
  [1m[35m (0.5ms)[0m  [1m[35mCOMMIT[0m
  ↳ db/seeds.rb:24
  [1m[35m (0.2ms)[0m  [1m[35mBEGIN[0m
  ↳ db/seeds.rb:27
  [1m[36mResponse Create (0.7ms)[0m  [1m[32mINSERT INTO "responses" ("user_id", "answer_id") VALUES ($1, $2) RETURNING "id"[0m  [["user_id", 1], ["answer_id", 8]]
  ↳ db/seeds.rb:27
  [1m[35m (0.5ms)[0m  [1m[35mCOMMIT[0m
  ↳ db/seeds.rb:27
  [1m[35m (0.2ms)[0m  [1m[35mBEGIN[0m
  ↳ db/seeds.rb:28
  [1m[36mResponse Create (0.4ms)[0m  [1m[32mINSERT INTO "responses" ("user_id", "answer_id") VALUES ($1, $2) RETURNING "id"[0m  [["user_id", 1], ["answer_id", 7]]
  ↳ db/seeds.rb:28
  [1m[35m (0.5ms)[0m  [1m[35mCOMMIT[0m
  ↳ db/seeds.rb:28
  [1m[35m (0.2ms)[0m  [1m[35mBEGIN[0m
  ↳ db/seeds.rb:29
  [1m[36mResponse Create (0.4ms)[0m  [1m[32mINSERT INTO "responses" ("user_id", "answer_id") VALUES ($1, $2) RETURNING "id"[0m  [["user_id", 1], ["answer_id", 6]]
  ↳ db/seeds.rb:29
  [1m[35m (0.5ms)[0m  [1m[35mCOMMIT[0m
  ↳ db/seeds.rb:29
  [1m[35m (0.2ms)[0m  [1m[35mBEGIN[0m
  ↳ db/seeds.rb:30
  [1m[36mResponse Create (0.4ms)[0m  [1m[32mINSERT INTO "responses" ("user_id", "answer_id") VALUES ($1, $2) RETURNING "id"[0m  [["user_id", 1], ["answer_id", 5]]
  ↳ db/seeds.rb:30
  [1m[35m (0.5ms)[0m  [1m[35mCOMMIT[0m
  ↳ db/seeds.rb:30
  [1m[35m (0.2ms)[0m  [1m[35mBEGIN[0m
  ↳ db/seeds.rb:31
  [1m[36mResponse Create (0.4ms)[0m  [1m[32mINSERT INTO "responses" ("user_id", "answer_id") VALUES ($1, $2) RETURNING "id"[0m  [["user_id", 2], ["answer_id", 4]]
  ↳ db/seeds.rb:31
  [1m[35m (0.5ms)[0m  [1m[35mCOMMIT[0m
  ↳ db/seeds.rb:31
  [1m[35m (0.2ms)[0m  [1m[35mBEGIN[0m
  ↳ db/seeds.rb:32
  [1m[36mResponse Create (0.4ms)[0m  [1m[32mINSERT INTO "responses" ("user_id", "answer_id") VALUES ($1, $2) RETURNING "id"[0m  [["user_id", 1], ["answer_id", 3]]
  ↳ db/seeds.rb:32
  [1m[35m (0.5ms)[0m  [1m[35mCOMMIT[0m
  ↳ db/seeds.rb:32
  [1m[35m (0.2ms)[0m  [1m[35mBEGIN[0m
  ↳ db/seeds.rb:33
  [1m[36mResponse Create (0.4ms)[0m  [1m[32mINSERT INTO "responses" ("user_id", "answer_id") VALUES ($1, $2) RETURNING "id"[0m  [["user_id", 1], ["answer_id", 2]]
  ↳ db/seeds.rb:33
  [1m[35m (0.5ms)[0m  [1m[35mCOMMIT[0m
  ↳ db/seeds.rb:33
  [1m[35m (0.2ms)[0m  [1m[35mBEGIN[0m
  ↳ db/seeds.rb:34
  [1m[36mResponse Create (0.4ms)[0m  [1m[32mINSERT INTO "responses" ("user_id", "answer_id") VALUES ($1, $2) RETURNING "id"[0m  [["user_id", 1], ["answer_id", 1]]
  ↳ db/seeds.rb:34
  [1m[35m (0.5ms)[0m  [1m[35mCOMMIT[0m
  ↳ db/seeds.rb:34
  [1m[36mUser Load (0.9ms)[0m  [1m[34mSELECT "users".* FROM "users"[0m
  [1m[36mQuestion Load (1.1ms)[0m  [1m[34mSELECT "questions".* FROM "questions"[0m
